[CommunicationLog]
R [003C8A1A] : 0
S [003C8A06] : (410F030000080)
R [003C8A06] : 0
S [003C89E8] : (410F028000080)
R [003C89DE] : 0
S [003C89C0] : (410F030000080)
R [003C89C0] : 0
S [003C89A2] : (410F028000080)
R [003C888A] : 023BF00000000000003F100F607BA000000000000000000000000000007B60ADE00C50F02CB04000FF800
S [003C8876] : (40)
R [003C886C] : 01
S [003C886C] : (34)
R [003C886C] : 010F02CB
S [003C8862] : (35)
R [003C8862] : 023BF00000000000003F100F607BA000000000000000000000000000007B60ADE00C50F02CB04000FF800
S [003C884E] : (40)
R [003C884E] : 01
S [003C8830] : (34)
R [003C8830] : 010F02CB
S [003C8826] : (35)
R [0032F873] : 0
S [0032F80F] : (330F13E4)
R [0032ED9D] : 0
S [0032ED4D] : (410F140000080)
R [0032ED4D] : 0
S [0032ED07] : (410F138000080)
R [0032ECE8] : 0000000000000000000000000000000000000000000000000000000000000138400010F13E40000000000
S [0032ECAC] : (40)
R [0032ECAC] : 0
S [0032EC48] : (21)
R [0032EC48] : 0
S [0032DFCE] : 0B
R [0032DFCE] : 0
S [0032DB9E] : (0B)
R [0032DB6C] : 0
S [0032D94F] : (07)
R [0032D692] : 0
S [0032D642] : (410F140000080)
R [0032D642] : 0
S [0032D5F2] : (410F138000080)
R [0032D570] : 0000000000000000000000000000000000000000000000000000000000000138400010F13E40000000000
S [0032D534] : (40)
R [0032D502] : 0
S [0032D2E5] : (07)
R [0032D2E5] : 0
S [0032D295] : (08)
R [0032D295] : 0000000000000000000000000000000000000000000000000000000000000138400010F13E40000000000
S [0032D263] : (40)
R [0032D263] : 01
S [0032D263] : (34)
R [0032D263] : 010F13E4
S [0032D231] : (35)
R [0032D231] : 018066FFFFC000E000FFFF080404F08040411
S [0032D227] : (00)
